SF:lib\graphql_parser\grammar.dart
DA:16,12
DA:25,0
DA:26,0
DA:28,11
DA:29,11
DA:30,11
DA:31,22
DA:32,22
DA:34,10
DA:35,20
DA:37,0
DA:40,4
DA:42,8
DA:43,12
DA:44,4
DA:45,12
DA:47,9
DA:48,54
DA:49,27
DA:51,9
DA:52,81
DA:53,18
DA:54,27
DA:57,36
DA:59,36
DA:61,40
DA:63,40
DA:65,36
DA:67,36
DA:69,40
DA:71,4
DA:72,3
DA:73,3
DA:74,3
DA:75,3
DA:76,1
DA:80,1
DA:81,2
DA:82,2
DA:83,1
DA:84,1
DA:85,1
DA:86,2
DA:90,4
DA:91,3
DA:92,3
DA:93,3
DA:94,1
DA:97,1
DA:98,2
DA:99,2
DA:100,3
DA:103,3
DA:110,3
DA:111,15
DA:112,9
DA:117,4
DA:118,3
DA:119,12
DA:121,8
DA:122,6
DA:123,3
DA:124,6
DA:125,3
DA:129,3
DA:134,3
DA:139,3
DA:144,3
DA:146,0
DA:150,4
DA:151,3
DA:152,3
DA:153,3
DA:154,3
DA:155,1
DA:159,1
DA:160,2
DA:161,2
DA:162,1
DA:163,1
DA:164,1
DA:165,1
DA:169,4
DA:170,3
DA:171,3
DA:172,3
DA:173,5
DA:174,3
DA:175,2
DA:176,2
DA:177,2
DA:181,8
DA:184,32
DA:185,24
DA:186,8
DA:187,16
DA:188,16
DA:189,17
DA:193,8
DA:194,48
DA:196,1
DA:197,3
DA:198,2
DA:199,3
DA:200,3
DA:201,3
DA:203,1
DA:204,3
DA:205,3
DA:206,3
DA:207,3
DA:208,3
DA:209,3
DA:210,3
DA:211,3
DA:212,3
DA:213,3
DA:214,3
DA:215,3
DA:216,3
DA:217,3
DA:218,3
DA:219,3
DA:220,3
DA:221,3
DA:222,2
DA:224,1
DA:225,7
DA:227,4
DA:232,8
DA:233,12
DA:234,8
DA:235,20
DA:236,16
DA:237,8
DA:238,4
DA:242,2
DA:243,16
DA:245,9
DA:246,56
DA:248,0
DA:249,0
DA:250,0
DA:253,5
DA:254,30
DA:255,11
DA:257,18
DA:258,9
DA:259,9
DA:260,9
DA:261,9
DA:262,9
DA:263,9
DA:264,18
DA:265,18
DA:266,27
DA:267,9
DA:268,9
DA:269,18
DA:273,18
DA:275,9
DA:276,18
DA:277,81
DA:278,9
DA:280,9
DA:281,63
DA:283,7
DA:284,42
DA:286,7
DA:289,42
DA:290,42
DA:291,14
DA:292,7
DA:296,7
DA:299,28
DA:300,23
DA:301,21
DA:302,18
DA:303,37
DA:304,9
DA:305,2
DA:309,0
DA:310,0
DA:311,0
DA:313,22
DA:314,11
DA:315,99
DA:316,11
DA:317,11
DA:319,33
DA:321,44
DA:323,11
DA:324,88
DA:326,22
DA:328,22
DA:330,0
DA:332,0
DA:334,11
DA:335,66
DA:336,11
DA:337,15
DA:339,0
DA:340,0
DA:341,0
DA:342,0
DA:344,0
DA:346,10
DA:347,80
DA:349,10
DA:350,70
DA:351,10
DA:353,9
DA:354,36
DA:356,4
DA:357,16
DA:359,22
DA:362,2
DA:363,14
DA:365,2
DA:366,2
DA:367,10
DA:368,6
DA:369,6
DA:370,2
DA:371,4
DA:376,10
DA:377,58
DA:382,10
DA:383,50
DA:384,50
DA:385,10
DA:386,10
DA:388,10
DA:389,70
DA:390,20
DA:391,10
DA:392,10
DA:394,0
DA:395,0
DA:397,4
DA:398,4
DA:399,2
DA:400,3
DA:402,4
DA:403,2
DA:404,4
DA:405,1
DA:406,2
DA:407,1
DA:410,2
DA:411,1
DA:412,1
DA:413,3
DA:414,2
DA:415,2
DA:416,1
DA:417,5
DA:419,2
DA:420,8
DA:423,2
DA:429,11
DA:430,4
DA:431,5
DA:435,4
DA:436,9
DA:437,9
DA:438,3
DA:439,1
DA:444,0
DA:448,2
DA:451,6
DA:452,8
DA:453,8
DA:454,6
DA:459,0
DA:462,8
DA:463,6
DA:464,4
DA:465,6
DA:466,2
DA:467,7
DA:469,2
DA:470,8
DA:472,2
DA:473,4
DA:476,1
DA:483,3
DA:484,4
DA:485,3
DA:486,4
DA:487,5
DA:488,3
DA:489,2
DA:490,1
DA:494,2
DA:495,12
DA:496,8
DA:498,50
DA:500,1
DA:506,4
DA:507,4
DA:508,4
DA:509,2
DA:510,1
DA:511,4
DA:512,2
DA:513,3
DA:514,1
DA:515,1
DA:516,2
DA:518,1
DA:519,0
DA:526,1
DA:532,4
DA:533,5
DA:534,5
DA:535,4
DA:536,2
DA:537,1
LF:319
LH:297
end_of_record
SF:lib\graphql_parser\schema.dart
DA:6,1
DA:12,1
DA:13,1
DA:14,1
DA:15,1
DA:16,1
DA:19,1
DA:20,4
DA:21,5
LF:9
LH:9
end_of_record
SF:lib\graphql_parser\argument.dart
DA:11,4
DA:12,4
DA:14,0
DA:16,0
DA:19,1
DA:21,4
DA:22,1
DA:23,0
DA:36,18
DA:38,1
DA:40,3
DA:43,0
DA:45,0
LF:13
LH:8
end_of_record
SF:lib\graphql_parser\graphql_type.dart
DA:12,14
DA:14,1
DA:19,0
DA:20,0
DA:21,0
DA:24,1
DA:26,3
DA:29,2
DA:30,0
DA:35,4
DA:37,0
DA:39,0
DA:42,0
DA:44,0
LF:14
LH:6
end_of_record
SF:lib\graphql_parser\token.dart
DA:4,11
LF:1
LH:1
end_of_record
SF:lib\graphql_parser\comment.dart
DA:4,2
DA:6,1
DA:8,1
DA:16,0
LF:4
LH:3
end_of_record
SF:lib\graphql_parser\directive.dart
DA:4,13
DA:30,16
DA:32,0
DA:34,0
DA:39,4
DA:47,0
DA:49,0
DA:51,0
LF:8
LH:3
end_of_record
SF:lib\graphql_parser\fragments.dart
DA:12,1
DA:14,1
DA:16,1
DA:18,4
DA:21,0
DA:22,0
DA:24,0
DA:27,0
DA:28,0
DA:51,2
DA:57,2
DA:59,0
DA:61,0
DA:64,2
DA:66,1
DA:69,1
DA:72,1
DA:73,0
DA:75,2
DA:77,4
DA:85,1
DA:86,1
DA:98,4
DA:100,1
DA:103,2
DA:104,1
LF:26
LH:18
end_of_record
SF:lib\graphql_parser\utils.dart
DA:3,1
DA:5,5
DA:9,2
DA:11,2
DA:15,2
DA:17,2
LF:6
LH:6
end_of_record
SF:lib\graphql_parser\graphql_field.dart
DA:12,3
DA:20,1
DA:22,6
DA:25,0
DA:27,0
LF:5
LH:3
end_of_record
SF:lib\graphql_parser\graphql_interface.dart
DA:9,1
DA:15,0
DA:17,0
LF:3
LH:1
end_of_record
SF:lib\graphql_parser\graphql_input_type.dart
DA:9,1
DA:11,0
DA:13,0
DA:22,1
DA:28,0
DA:30,0
DA:33,0
DA:37,0
DA:38,0
DA:41,0
LF:10
LH:2
end_of_record
SF:lib\graphql_parser\queryies.dart
DA:7,13
DA:15,1
DA:17,1
DA:18,1
DA:21,1
DA:22,2
DA:23,1
DA:27,1
DA:28,1
DA:30,2
DA:31,3
DA:32,3
DA:34,0
DA:40,1
DA:41,2
DA:42,2
DA:49,0
DA:50,0
DA:52,1
DA:54,7
DA:55,2
DA:57,1
DA:66,1
DA:67,1
DA:69,1
DA:70,1
DA:72,1
DA:74,5
DA:75,4
LF:29
LH:26
end_of_record
SF:lib\graphql_parser\parse-error.dart
DA:9,0
LF:1
LH:0
end_of_record
SF:lib\graphql_parser\union.dart
DA:6,2
DA:8,1
DA:10,4
LF:3
LH:3
end_of_record
